<?xml version="1.0" encoding="UTF-8"?>
<testng-results skipped="0" failed="0" total="1" passed="1">
  <reporter-output>
  </reporter-output>
  <suite name="sample" duration-ms="8638" started-at="2017-12-20T17:00:42Z" finished-at="2017-12-20T17:00:51Z">
    <groups>
    </groups>
    <test name="sample test2" duration-ms="8638" started-at="2017-12-20T17:00:42Z" finished-at="2017-12-20T17:00:51Z">
      <class name="com.product.test.SearchArea">
        <test-method status="PASS" signature="setUp(java.lang.String)[pri:0, instance:com.product.test.SearchArea@5594a1b5]" name="setUp" is-config="true" duration-ms="7938" started-at="2017-12-20T22:30:42Z" finished-at="2017-12-20T22:30:50Z">
          <params>
            <param index="0">
              <value>
                <![CDATA[chrome]]>
              </value>
            </param>
          </params>
          <reporter-output>
          </reporter-output>
        </test-method> <!-- setUp -->
        <test-method status="PASS" signature="searchProduct()[pri:0, instance:com.product.test.SearchArea@5594a1b5]" name="searchProduct" duration-ms="684" started-at="2017-12-20T22:30:50Z" finished-at="2017-12-20T22:30:51Z">
          <reporter-output>
          </reporter-output>
        </test-method> <!-- searchProduct -->
      </class> <!-- com.product.test.SearchArea -->
    </test> <!-- sample test2 -->
  </suite> <!-- sample -->
</testng-results>
