<?xml version="1.0" encoding="UTF-8"?>
<testng-results skipped="0" failed="0" total="2" passed="2">
  <reporter-output>
  </reporter-output>
  <suite name="sample" duration-ms="6958" started-at="2017-12-19T16:40:08Z" finished-at="2017-12-19T16:40:15Z">
    <groups>
    </groups>
    <test name="sample test2" duration-ms="6822" started-at="2017-12-19T16:40:08Z" finished-at="2017-12-19T16:40:15Z">
      <class name="com.product.test.SearchArea">
        <test-method status="PASS" signature="setUp(java.lang.String)[pri:0, instance:com.product.test.SearchArea@1ae369b7]" name="setUp" is-config="true" duration-ms="6142" started-at="2017-12-19T22:10:08Z" finished-at="2017-12-19T22:10:14Z">
          <params>
            <param index="0">
              <value>
                <![CDATA[chrome]]>
              </value>
            </param>
          </params>
          <reporter-output>
          </reporter-output>
        </test-method> <!-- setUp -->
        <test-method status="PASS" signature="searchProduct()[pri:0, instance:com.product.test.SearchArea@1ae369b7]" name="searchProduct" duration-ms="662" started-at="2017-12-19T22:10:14Z" finished-at="2017-12-19T22:10:15Z">
          <reporter-output>
          </reporter-output>
        </test-method> <!-- searchProduct -->
      </class> <!-- com.product.test.SearchArea -->
    </test> <!-- sample test2 -->
    <test name="sample test1" duration-ms="6958" started-at="2017-12-19T16:40:08Z" finished-at="2017-12-19T16:40:15Z">
      <class name="com.product.test.SearchArea">
        <test-method status="PASS" signature="setUp(java.lang.String)[pri:0, instance:com.product.test.SearchArea@483bf400]" name="setUp" is-config="true" duration-ms="6517" started-at="2017-12-19T22:10:08Z" finished-at="2017-12-19T22:10:14Z">
          <params>
            <param index="0">
              <value>
                <![CDATA[chrome]]>
              </value>
            </param>
          </params>
          <reporter-output>
          </reporter-output>
        </test-method> <!-- setUp -->
        <test-method status="PASS" signature="searchProduct()[pri:0, instance:com.product.test.SearchArea@483bf400]" name="searchProduct" duration-ms="435" started-at="2017-12-19T22:10:14Z" finished-at="2017-12-19T22:10:15Z">
          <reporter-output>
          </reporter-output>
        </test-method> <!-- searchProduct -->
      </class> <!-- com.product.test.SearchArea -->
    </test> <!-- sample test1 -->
  </suite> <!-- sample -->
</testng-results>
